/home/eunseop/ros2_ws/install/load_img/lib/python3.8/site-packages/load_img/image_subscriber_node.py
/home/eunseop/ros2_ws/install/load_img/lib/python3.8/site-packages/load_img/__init__.py
/home/eunseop/ros2_ws/install/load_img/lib/python3.8/site-packages/load_img/video_publisher_node.py
/home/eunseop/ros2_ws/install/load_img/lib/python3.8/site-packages/load_img/image_publisher_node.py
/home/eunseop/ros2_ws/install/load_img/lib/python3.8/site-packages/load_img/camera_publisher_node.py
/home/eunseop/ros2_ws/install/load_img/lib/python3.8/site-packages/load_img/lib/__init__.py
/home/eunseop/ros2_ws/install/load_img/lib/python3.8/site-packages/load_img/__pycache__/image_subscriber_node.cpython-38.pyc
/home/eunseop/ros2_ws/install/load_img/lib/python3.8/site-packages/load_img/__pycache__/__init__.cpython-38.pyc
/home/eunseop/ros2_ws/install/load_img/lib/python3.8/site-packages/load_img/__pycache__/video_publisher_node.cpython-38.pyc
/home/eunseop/ros2_ws/install/load_img/lib/python3.8/site-packages/load_img/__pycache__/image_publisher_node.cpython-38.pyc
/home/eunseop/ros2_ws/install/load_img/lib/python3.8/site-packages/load_img/__pycache__/camera_publisher_node.cpython-38.pyc
/home/eunseop/ros2_ws/install/load_img/lib/python3.8/site-packages/load_img/lib/__pycache__/__init__.cpython-38.pyc
/home/eunseop/ros2_ws/install/load_img/share/ament_index/resource_index/packages/load_img
/home/eunseop/ros2_ws/install/load_img/share/load_img/package.xml
/home/eunseop/ros2_ws/install/load_img/lib/python3.8/site-packages/load_img-0.0.0-py3.8.egg-info/SOURCES.txt
/home/eunseop/ros2_ws/install/load_img/lib/python3.8/site-packages/load_img-0.0.0-py3.8.egg-info/top_level.txt
/home/eunseop/ros2_ws/install/load_img/lib/python3.8/site-packages/load_img-0.0.0-py3.8.egg-info/requires.txt
/home/eunseop/ros2_ws/install/load_img/lib/python3.8/site-packages/load_img-0.0.0-py3.8.egg-info/entry_points.txt
/home/eunseop/ros2_ws/install/load_img/lib/python3.8/site-packages/load_img-0.0.0-py3.8.egg-info/PKG-INFO
/home/eunseop/ros2_ws/install/load_img/lib/python3.8/site-packages/load_img-0.0.0-py3.8.egg-info/dependency_links.txt
/home/eunseop/ros2_ws/install/load_img/lib/python3.8/site-packages/load_img-0.0.0-py3.8.egg-info/zip-safe
/home/eunseop/ros2_ws/install/load_img/lib/load_img/cam_pub
/home/eunseop/ros2_ws/install/load_img/lib/load_img/img_pub
/home/eunseop/ros2_ws/install/load_img/lib/load_img/img_sub
/home/eunseop/ros2_ws/install/load_img/lib/load_img/video_pub
