running egg_info
creating ../../build/img_process/img_process.egg-info
writing ../../build/img_process/img_process.egg-info/PKG-INFO
writing dependency_links to ../../build/img_process/img_process.egg-info/dependency_links.txt
writing entry points to ../../build/img_process/img_process.egg-info/entry_points.txt
writing requirements to ../../build/img_process/img_process.egg-info/requires.txt
writing top-level names to ../../build/img_process/img_process.egg-info/top_level.txt
writing manifest file '../../build/img_process/img_process.egg-info/SOURCES.txt'
reading manifest file '../../build/img_process/img_process.egg-info/SOURCES.txt'
writing manifest file '../../build/img_process/img_process.egg-info/SOURCES.txt'
running build
running build_py
creating /home/eunseop/ros2_ws/build/img_process/build
creating /home/eunseop/ros2_ws/build/img_process/build/lib
creating /home/eunseop/ros2_ws/build/img_process/build/lib/img_process
copying img_process/image_extract_info_node.py -> /home/eunseop/ros2_ws/build/img_process/build/lib/img_process
copying img_process/__init__.py -> /home/eunseop/ros2_ws/build/img_process/build/lib/img_process
copying img_process/image_postprocess_node.py -> /home/eunseop/ros2_ws/build/img_process/build/lib/img_process
creating /home/eunseop/ros2_ws/build/img_process/build/lib/img_process/lib
copying img_process/lib/__init__.py -> /home/eunseop/ros2_ws/build/img_process/build/lib/img_process/lib
running install
running install_lib
creating /home/eunseop/ros2_ws/install/img_process/lib/python3.8/site-packages/img_process
copying /home/eunseop/ros2_ws/build/img_process/build/lib/img_process/image_extract_info_node.py -> /home/eunseop/ros2_ws/install/img_process/lib/python3.8/site-packages/img_process
creating /home/eunseop/ros2_ws/install/img_process/lib/python3.8/site-packages/img_process/lib
copying /home/eunseop/ros2_ws/build/img_process/build/lib/img_process/lib/__init__.py -> /home/eunseop/ros2_ws/install/img_process/lib/python3.8/site-packages/img_process/lib
copying /home/eunseop/ros2_ws/build/img_process/build/lib/img_process/__init__.py -> /home/eunseop/ros2_ws/install/img_process/lib/python3.8/site-packages/img_process
copying /home/eunseop/ros2_ws/build/img_process/build/lib/img_process/image_postprocess_node.py -> /home/eunseop/ros2_ws/install/img_process/lib/python3.8/site-packages/img_process
byte-compiling /home/eunseop/ros2_ws/install/img_process/lib/python3.8/site-packages/img_process/image_extract_info_node.py to image_extract_info_node.cpython-38.pyc
byte-compiling /home/eunseop/ros2_ws/install/img_process/lib/python3.8/site-packages/img_process/lib/__init__.py to __init__.cpython-38.pyc
byte-compiling /home/eunseop/ros2_ws/install/img_process/lib/python3.8/site-packages/img_process/__init__.py to __init__.cpython-38.pyc
byte-compiling /home/eunseop/ros2_ws/install/img_process/lib/python3.8/site-packages/img_process/image_postprocess_node.py to image_postprocess_node.cpython-38.pyc
running install_data
creating /home/eunseop/ros2_ws/install/img_process/share/ament_index
creating /home/eunseop/ros2_ws/install/img_process/share/ament_index/resource_index
creating /home/eunseop/ros2_ws/install/img_process/share/ament_index/resource_index/packages
copying resource/img_process -> /home/eunseop/ros2_ws/install/img_process/share/ament_index/resource_index/packages
copying package.xml -> /home/eunseop/ros2_ws/install/img_process/share/img_process
running install_egg_info
Copying ../../build/img_process/img_process.egg-info to /home/eunseop/ros2_ws/install/img_process/lib/python3.8/site-packages/img_process-0.0.0-py3.8.egg-info
running install_scripts
Installing img_grad script to /home/eunseop/ros2_ws/install/img_process/lib/img_process
Installing img_post script to /home/eunseop/ros2_ws/install/img_process/lib/img_process
writing list of installed files to '/home/eunseop/ros2_ws/build/img_process/install.log'
