/home/eunseop/ros2_ws/install/control_motor/lib/python3.8/site-packages/control_motor/convert_protocol_node.py
/home/eunseop/ros2_ws/install/control_motor/lib/python3.8/site-packages/control_motor/control_motor_node.py
/home/eunseop/ros2_ws/install/control_motor/lib/python3.8/site-packages/control_motor/__init__.py
/home/eunseop/ros2_ws/install/control_motor/lib/python3.8/site-packages/control_motor/generate_control_signal_node.py
/home/eunseop/ros2_ws/install/control_motor/lib/python3.8/site-packages/control_motor/lib/__init__.py
/home/eunseop/ros2_ws/install/control_motor/lib/python3.8/site-packages/control_motor/__pycache__/convert_protocol_node.cpython-38.pyc
/home/eunseop/ros2_ws/install/control_motor/lib/python3.8/site-packages/control_motor/__pycache__/control_motor_node.cpython-38.pyc
/home/eunseop/ros2_ws/install/control_motor/lib/python3.8/site-packages/control_motor/__pycache__/__init__.cpython-38.pyc
/home/eunseop/ros2_ws/install/control_motor/lib/python3.8/site-packages/control_motor/__pycache__/generate_control_signal_node.cpython-38.pyc
/home/eunseop/ros2_ws/install/control_motor/lib/python3.8/site-packages/control_motor/lib/__pycache__/__init__.cpython-38.pyc
/home/eunseop/ros2_ws/install/control_motor/share/ament_index/resource_index/packages/control_motor
/home/eunseop/ros2_ws/install/control_motor/share/control_motor/package.xml
/home/eunseop/ros2_ws/install/control_motor/lib/python3.8/site-packages/control_motor-0.0.0-py3.8.egg-info/SOURCES.txt
/home/eunseop/ros2_ws/install/control_motor/lib/python3.8/site-packages/control_motor-0.0.0-py3.8.egg-info/top_level.txt
/home/eunseop/ros2_ws/install/control_motor/lib/python3.8/site-packages/control_motor-0.0.0-py3.8.egg-info/requires.txt
/home/eunseop/ros2_ws/install/control_motor/lib/python3.8/site-packages/control_motor-0.0.0-py3.8.egg-info/entry_points.txt
/home/eunseop/ros2_ws/install/control_motor/lib/python3.8/site-packages/control_motor-0.0.0-py3.8.egg-info/PKG-INFO
/home/eunseop/ros2_ws/install/control_motor/lib/python3.8/site-packages/control_motor-0.0.0-py3.8.egg-info/dependency_links.txt
/home/eunseop/ros2_ws/install/control_motor/lib/python3.8/site-packages/control_motor-0.0.0-py3.8.egg-info/zip-safe
/home/eunseop/ros2_ws/install/control_motor/lib/control_motor/convert_protocol
/home/eunseop/ros2_ws/install/control_motor/lib/control_motor/gen_control_data
/home/eunseop/ros2_ws/install/control_motor/lib/control_motor/send_serial
