running egg_info
creating ../../build/control_motor/control_motor.egg-info
writing ../../build/control_motor/control_motor.egg-info/PKG-INFO
writing dependency_links to ../../build/control_motor/control_motor.egg-info/dependency_links.txt
writing entry points to ../../build/control_motor/control_motor.egg-info/entry_points.txt
writing requirements to ../../build/control_motor/control_motor.egg-info/requires.txt
writing top-level names to ../../build/control_motor/control_motor.egg-info/top_level.txt
writing manifest file '../../build/control_motor/control_motor.egg-info/SOURCES.txt'
reading manifest file '../../build/control_motor/control_motor.egg-info/SOURCES.txt'
writing manifest file '../../build/control_motor/control_motor.egg-info/SOURCES.txt'
running build
running build_py
creating /home/eunseop/ros2_ws/build/control_motor/build
creating /home/eunseop/ros2_ws/build/control_motor/build/lib
creating /home/eunseop/ros2_ws/build/control_motor/build/lib/control_motor
copying control_motor/convert_protocol_node.py -> /home/eunseop/ros2_ws/build/control_motor/build/lib/control_motor
copying control_motor/control_motor_node.py -> /home/eunseop/ros2_ws/build/control_motor/build/lib/control_motor
copying control_motor/__init__.py -> /home/eunseop/ros2_ws/build/control_motor/build/lib/control_motor
copying control_motor/generate_control_signal_node.py -> /home/eunseop/ros2_ws/build/control_motor/build/lib/control_motor
creating /home/eunseop/ros2_ws/build/control_motor/build/lib/control_motor/lib
copying control_motor/lib/__init__.py -> /home/eunseop/ros2_ws/build/control_motor/build/lib/control_motor/lib
running install
running install_lib
creating /home/eunseop/ros2_ws/install/control_motor/lib/python3.8/site-packages/control_motor
creating /home/eunseop/ros2_ws/install/control_motor/lib/python3.8/site-packages/control_motor/lib
copying /home/eunseop/ros2_ws/build/control_motor/build/lib/control_motor/lib/__init__.py -> /home/eunseop/ros2_ws/install/control_motor/lib/python3.8/site-packages/control_motor/lib
copying /home/eunseop/ros2_ws/build/control_motor/build/lib/control_motor/convert_protocol_node.py -> /home/eunseop/ros2_ws/install/control_motor/lib/python3.8/site-packages/control_motor
copying /home/eunseop/ros2_ws/build/control_motor/build/lib/control_motor/control_motor_node.py -> /home/eunseop/ros2_ws/install/control_motor/lib/python3.8/site-packages/control_motor
copying /home/eunseop/ros2_ws/build/control_motor/build/lib/control_motor/__init__.py -> /home/eunseop/ros2_ws/install/control_motor/lib/python3.8/site-packages/control_motor
copying /home/eunseop/ros2_ws/build/control_motor/build/lib/control_motor/generate_control_signal_node.py -> /home/eunseop/ros2_ws/install/control_motor/lib/python3.8/site-packages/control_motor
byte-compiling /home/eunseop/ros2_ws/install/control_motor/lib/python3.8/site-packages/control_motor/lib/__init__.py to __init__.cpython-38.pyc
byte-compiling /home/eunseop/ros2_ws/install/control_motor/lib/python3.8/site-packages/control_motor/convert_protocol_node.py to convert_protocol_node.cpython-38.pyc
byte-compiling /home/eunseop/ros2_ws/install/control_motor/lib/python3.8/site-packages/control_motor/control_motor_node.py to control_motor_node.cpython-38.pyc
byte-compiling /home/eunseop/ros2_ws/install/control_motor/lib/python3.8/site-packages/control_motor/__init__.py to __init__.cpython-38.pyc
byte-compiling /home/eunseop/ros2_ws/install/control_motor/lib/python3.8/site-packages/control_motor/generate_control_signal_node.py to generate_control_signal_node.cpython-38.pyc
running install_data
creating /home/eunseop/ros2_ws/install/control_motor/share/ament_index
creating /home/eunseop/ros2_ws/install/control_motor/share/ament_index/resource_index
creating /home/eunseop/ros2_ws/install/control_motor/share/ament_index/resource_index/packages
copying resource/control_motor -> /home/eunseop/ros2_ws/install/control_motor/share/ament_index/resource_index/packages
copying package.xml -> /home/eunseop/ros2_ws/install/control_motor/share/control_motor
running install_egg_info
Copying ../../build/control_motor/control_motor.egg-info to /home/eunseop/ros2_ws/install/control_motor/lib/python3.8/site-packages/control_motor-0.0.0-py3.8.egg-info
running install_scripts
Installing convert_protocol script to /home/eunseop/ros2_ws/install/control_motor/lib/control_motor
Installing gen_control_data script to /home/eunseop/ros2_ws/install/control_motor/lib/control_motor
Installing send_serial script to /home/eunseop/ros2_ws/install/control_motor/lib/control_motor
writing list of installed files to '/home/eunseop/ros2_ws/build/control_motor/install.log'
