[0.808s] Invoking command in '/home/eunseop/ros2_ws/src/control_motor': PYTHONPATH=/home/eunseop/ros2_ws/build/control_motor/prefix_override:/usr/lib/python3/dist-packages/colcon_core/task/python/colcon_distutils_commands:/home/eunseop/ros2_ws/install/control_motor/lib/python3.8/site-packages:${PYTHONPATH} /usr/bin/python3 -W ignore:setup.py install is deprecated setup.py egg_info --egg-base ../../build/control_motor build --build-base /home/eunseop/ros2_ws/build/control_motor/build install --record /home/eunseop/ros2_ws/build/control_motor/install.log --single-version-externally-managed install_data
[0.975s] running egg_info
[0.976s] creating ../../build/control_motor/control_motor.egg-info
[0.976s] writing ../../build/control_motor/control_motor.egg-info/PKG-INFO
[0.976s] writing dependency_links to ../../build/control_motor/control_motor.egg-info/dependency_links.txt
[0.976s] writing entry points to ../../build/control_motor/control_motor.egg-info/entry_points.txt
[0.976s] writing requirements to ../../build/control_motor/control_motor.egg-info/requires.txt
[0.976s] writing top-level names to ../../build/control_motor/control_motor.egg-info/top_level.txt
[0.977s] writing manifest file '../../build/control_motor/control_motor.egg-info/SOURCES.txt'
[1.017s] reading manifest file '../../build/control_motor/control_motor.egg-info/SOURCES.txt'
[1.018s] writing manifest file '../../build/control_motor/control_motor.egg-info/SOURCES.txt'
[1.018s] running build
[1.018s] running build_py
[1.018s] creating /home/eunseop/ros2_ws/build/control_motor/build
[1.019s] creating /home/eunseop/ros2_ws/build/control_motor/build/lib
[1.019s] creating /home/eunseop/ros2_ws/build/control_motor/build/lib/control_motor
[1.019s] copying control_motor/convert_protocol_node.py -> /home/eunseop/ros2_ws/build/control_motor/build/lib/control_motor
[1.019s] copying control_motor/control_motor_node.py -> /home/eunseop/ros2_ws/build/control_motor/build/lib/control_motor
[1.019s] copying control_motor/__init__.py -> /home/eunseop/ros2_ws/build/control_motor/build/lib/control_motor
[1.019s] copying control_motor/generate_control_signal_node.py -> /home/eunseop/ros2_ws/build/control_motor/build/lib/control_motor
[1.019s] creating /home/eunseop/ros2_ws/build/control_motor/build/lib/control_motor/lib
[1.019s] copying control_motor/lib/__init__.py -> /home/eunseop/ros2_ws/build/control_motor/build/lib/control_motor/lib
[1.019s] running install
[1.020s] running install_lib
[1.022s] creating /home/eunseop/ros2_ws/install/control_motor/lib/python3.8/site-packages/control_motor
[1.022s] creating /home/eunseop/ros2_ws/install/control_motor/lib/python3.8/site-packages/control_motor/lib
[1.022s] copying /home/eunseop/ros2_ws/build/control_motor/build/lib/control_motor/lib/__init__.py -> /home/eunseop/ros2_ws/install/control_motor/lib/python3.8/site-packages/control_motor/lib
[1.022s] copying /home/eunseop/ros2_ws/build/control_motor/build/lib/control_motor/convert_protocol_node.py -> /home/eunseop/ros2_ws/install/control_motor/lib/python3.8/site-packages/control_motor
[1.022s] copying /home/eunseop/ros2_ws/build/control_motor/build/lib/control_motor/control_motor_node.py -> /home/eunseop/ros2_ws/install/control_motor/lib/python3.8/site-packages/control_motor
[1.022s] copying /home/eunseop/ros2_ws/build/control_motor/build/lib/control_motor/__init__.py -> /home/eunseop/ros2_ws/install/control_motor/lib/python3.8/site-packages/control_motor
[1.022s] copying /home/eunseop/ros2_ws/build/control_motor/build/lib/control_motor/generate_control_signal_node.py -> /home/eunseop/ros2_ws/install/control_motor/lib/python3.8/site-packages/control_motor
[1.023s] byte-compiling /home/eunseop/ros2_ws/install/control_motor/lib/python3.8/site-packages/control_motor/lib/__init__.py to __init__.cpython-38.pyc
[1.024s] byte-compiling /home/eunseop/ros2_ws/install/control_motor/lib/python3.8/site-packages/control_motor/convert_protocol_node.py to convert_protocol_node.cpython-38.pyc
[1.025s] byte-compiling /home/eunseop/ros2_ws/install/control_motor/lib/python3.8/site-packages/control_motor/control_motor_node.py to control_motor_node.cpython-38.pyc
[1.026s] byte-compiling /home/eunseop/ros2_ws/install/control_motor/lib/python3.8/site-packages/control_motor/__init__.py to __init__.cpython-38.pyc
[1.026s] byte-compiling /home/eunseop/ros2_ws/install/control_motor/lib/python3.8/site-packages/control_motor/generate_control_signal_node.py to generate_control_signal_node.cpython-38.pyc
[1.027s] running install_data
[1.027s] creating /home/eunseop/ros2_ws/install/control_motor/share/ament_index
[1.027s] creating /home/eunseop/ros2_ws/install/control_motor/share/ament_index/resource_index
[1.027s] creating /home/eunseop/ros2_ws/install/control_motor/share/ament_index/resource_index/packages
[1.027s] copying resource/control_motor -> /home/eunseop/ros2_ws/install/control_motor/share/ament_index/resource_index/packages
[1.027s] copying package.xml -> /home/eunseop/ros2_ws/install/control_motor/share/control_motor
[1.027s] running install_egg_info
[1.029s] Copying ../../build/control_motor/control_motor.egg-info to /home/eunseop/ros2_ws/install/control_motor/lib/python3.8/site-packages/control_motor-0.0.0-py3.8.egg-info
[1.030s] running install_scripts
[1.047s] Installing convert_protocol script to /home/eunseop/ros2_ws/install/control_motor/lib/control_motor
[1.047s] Installing gen_control_data script to /home/eunseop/ros2_ws/install/control_motor/lib/control_motor
[1.048s] Installing send_serial script to /home/eunseop/ros2_ws/install/control_motor/lib/control_motor
[1.048s] writing list of installed files to '/home/eunseop/ros2_ws/build/control_motor/install.log'
[1.065s] Invoked command in '/home/eunseop/ros2_ws/src/control_motor' returned '0': PYTHONPATH=/home/eunseop/ros2_ws/build/control_motor/prefix_override:/usr/lib/python3/dist-packages/colcon_core/task/python/colcon_distutils_commands:/home/eunseop/ros2_ws/install/control_motor/lib/python3.8/site-packages:${PYTHONPATH} /usr/bin/python3 -W ignore:setup.py install is deprecated setup.py egg_info --egg-base ../../build/control_motor build --build-base /home/eunseop/ros2_ws/build/control_motor/build install --record /home/eunseop/ros2_ws/build/control_motor/install.log --single-version-externally-managed install_data
