[0.021s] Invoking command in '/home/eunseop/ros2_ws/build/interfaces_pkg': CMAKE_PREFIX_PATH=/opt/ros/galactic /usr/bin/cmake /home/eunseop/ros2_ws/src/interfaces_pkg -DCMAKE_INSTALL_PREFIX=/home/eunseop/ros2_ws/install/interfaces_pkg
[0.206s] -- The C compiler identification is GNU 9.4.0
[0.207s] -- The CXX compiler identification is GNU 9.4.0
[0.207s] -- Check for working C compiler: /usr/bin/cc
[0.260s] -- Check for working C compiler: /usr/bin/cc -- works
[0.261s] -- Detecting C compiler ABI info
[0.315s] -- Detecting C compiler ABI info - done
[0.331s] -- Detecting C compile features
[0.331s] -- Detecting C compile features - done
[0.334s] -- Check for working CXX compiler: /usr/bin/c++
[0.409s] -- Check for working CXX compiler: /usr/bin/c++ -- works
[0.410s] -- Detecting CXX compiler ABI info
[0.480s] -- Detecting CXX compiler ABI info - done
[0.491s] -- Detecting CXX compile features
[0.492s] -- Detecting CXX compile features - done
[0.501s] -- Found ament_cmake: 1.1.6 (/opt/ros/galactic/share/ament_cmake/cmake)
[0.523s] -- Found PythonInterp: /usr/bin/python3 (found suitable version "3.8.10", minimum required is "3") 
[0.523s] -- Using PYTHON_EXECUTABLE: /usr/bin/python3
[0.588s] -- Found rosidl_default_generators: 1.1.1 (/opt/ros/galactic/share/rosidl_default_generators/cmake)
[0.592s] -- Using all available rosidl_typesupport_c: rosidl_typesupport_fastrtps_c;rosidl_typesupport_introspection_c
[0.599s] -- Found rosidl_adapter: 2.2.3 (/opt/ros/galactic/share/rosidl_adapter/cmake)
[0.682s] -- Found OpenSSL: /usr/lib/x86_64-linux-gnu/libcrypto.so (found version "1.1.1f")  
[0.706s] -- Found FastRTPS: /opt/ros/galactic/include  
[0.789s] -- Using all available rosidl_typesupport_cpp: rosidl_typesupport_fastrtps_cpp;rosidl_typesupport_introspection_cpp
[0.817s] -- Found std_msgs: 2.2.4 (/opt/ros/galactic/share/std_msgs/cmake)
[0.845s] -- Found geometry_msgs: 2.2.4 (/opt/ros/galactic/share/geometry_msgs/cmake)
[0.887s] -- Found PythonInterp: /usr/bin/python3 (found version "3.8.10") 
[1.052s] -- Found ament_cmake_ros: 0.9.2 (/opt/ros/galactic/share/ament_cmake_ros/cmake)
[1.248s] -- Using all available rosidl_typesupport_c: rosidl_typesupport_fastrtps_c;rosidl_typesupport_introspection_c
[1.329s] -- Using all available rosidl_typesupport_cpp: rosidl_typesupport_fastrtps_cpp;rosidl_typesupport_introspection_cpp
[1.347s] -- Found PythonInterp: /usr/bin/python3 (found suitable version "3.8.10", minimum required is "3.5") 
[1.348s] -- Found python_cmake_module: 0.8.1 (/opt/ros/galactic/share/python_cmake_module/cmake)
[1.368s] -- Found PythonLibs: /usr/lib/x86_64-linux-gnu/libpython3.8.so (found suitable version "3.8.10", minimum required is "3.5") 
[1.368s] -- Using PYTHON_EXECUTABLE: /usr/bin/python3
[1.368s] -- Using PYTHON_INCLUDE_DIRS: /usr/include/python3.8
[1.368s] -- Using PYTHON_LIBRARIES: /usr/lib/x86_64-linux-gnu/libpython3.8.so
[1.384s] -- Found PythonExtra: .so  
[1.445s] -- Configuring done
[1.492s] -- Generating done
[1.494s] -- Build files have been written to: /home/eunseop/ros2_ws/build/interfaces_pkg
[1.501s] Invoked command in '/home/eunseop/ros2_ws/build/interfaces_pkg' returned '0': CMAKE_PREFIX_PATH=/opt/ros/galactic /usr/bin/cmake /home/eunseop/ros2_ws/src/interfaces_pkg -DCMAKE_INSTALL_PREFIX=/home/eunseop/ros2_ws/install/interfaces_pkg
[1.503s] Invoking command in '/home/eunseop/ros2_ws/build/interfaces_pkg': CMAKE_PREFIX_PATH=/opt/ros/galactic /usr/bin/cmake --build /home/eunseop/ros2_ws/build/interfaces_pkg -- -j8 -l8
[1.534s] [35m[1mScanning dependencies of target interfaces_pkg__cpp[0m
[1.534s] [  1%] [34m[1mGenerating C code for ROS interfaces[0m
[1.542s] [  2%] [34m[1mGenerating C++ code for ROS interfaces[0m
[1.963s] [  2%] Built target interfaces_pkg__cpp
[1.976s] [  3%] [34m[1mGenerating C++ type support for eProsima Fast-RTPS[0m
[1.983s] [  5%] [34m[1mGenerating C++ type support dispatch for ROS interfaces[0m
[1.988s] [  6%] [34m[1mGenerating C++ introspection for ROS interfaces[0m
[2.020s] [35m[1mScanning dependencies of target interfaces_pkg__rosidl_generator_c[0m
[2.038s] [  7%] [32mBuilding C object CMakeFiles/interfaces_pkg__rosidl_generator_c.dir/rosidl_generator_c/interfaces_pkg/msg/detail/detection__functions.c.o[0m
[2.044s] [  8%] [32mBuilding C object CMakeFiles/interfaces_pkg__rosidl_generator_c.dir/rosidl_generator_c/interfaces_pkg/msg/detail/bounding_box2_d__functions.c.o[0m
[2.048s] [ 10%] [32mBuilding C object CMakeFiles/interfaces_pkg__rosidl_generator_c.dir/rosidl_generator_c/interfaces_pkg/msg/detail/mask__functions.c.o[0m
[2.050s] [ 11%] [32mBuilding C object CMakeFiles/interfaces_pkg__rosidl_generator_c.dir/rosidl_generator_c/interfaces_pkg/msg/detail/detection_array__functions.c.o[0m
[2.055s] [ 12%] [32mBuilding C object CMakeFiles/interfaces_pkg__rosidl_generator_c.dir/rosidl_generator_c/interfaces_pkg/msg/detail/motor__functions.c.o[0m
[2.111s] [ 13%] [32mBuilding C object CMakeFiles/interfaces_pkg__rosidl_generator_c.dir/rosidl_generator_c/interfaces_pkg/msg/detail/point2_d__functions.c.o[0m
[2.112s] [ 15%] [32mBuilding C object CMakeFiles/interfaces_pkg__rosidl_generator_c.dir/rosidl_generator_c/interfaces_pkg/msg/detail/lane_info__functions.c.o[0m
[2.149s] [ 16%] [32m[1mLinking C shared library libinterfaces_pkg__rosidl_generator_c.so[0m
[2.196s] [ 16%] Built target interfaces_pkg__rosidl_generator_c
[2.207s] [ 17%] [34m[1mGenerating C type support dispatch for ROS interfaces[0m
[2.208s] [ 18%] [34m[1mGenerating C introspection for ROS interfaces[0m
[2.427s] [35m[1mScanning dependencies of target interfaces_pkg__rosidl_typesupport_cpp[0m
[2.462s] [ 20%] [32mBuilding CXX object CMakeFiles/interfaces_pkg__rosidl_typesupport_cpp.dir/rosidl_typesupport_cpp/interfaces_pkg/msg/bounding_box2_d__type_support.cpp.o[0m
[2.462s] [ 21%] [32mBuilding CXX object CMakeFiles/interfaces_pkg__rosidl_typesupport_cpp.dir/rosidl_typesupport_cpp/interfaces_pkg/msg/detection__type_support.cpp.o[0m
[2.465s] [ 22%] [32mBuilding CXX object CMakeFiles/interfaces_pkg__rosidl_typesupport_cpp.dir/rosidl_typesupport_cpp/interfaces_pkg/msg/detection_array__type_support.cpp.o[0m
[2.476s] [ 24%] [32mBuilding CXX object CMakeFiles/interfaces_pkg__rosidl_typesupport_cpp.dir/rosidl_typesupport_cpp/interfaces_pkg/msg/mask__type_support.cpp.o[0m
[2.595s] [35m[1mScanning dependencies of target interfaces_pkg__rosidl_typesupport_introspection_cpp[0m
[2.613s] [ 25%] [32mBuilding CXX object CMakeFiles/interfaces_pkg__rosidl_typesupport_introspection_cpp.dir/rosidl_typesupport_introspection_cpp/interfaces_pkg/msg/detail/bounding_box2_d__type_support.cpp.o[0m
[2.640s] [35m[1mScanning dependencies of target interfaces_pkg__rosidl_typesupport_fastrtps_cpp[0m
[2.679s] [ 26%] [32mBuilding CXX object CMakeFiles/interfaces_pkg__rosidl_typesupport_fastrtps_cpp.dir/rosidl_typesupport_fastrtps_cpp/interfaces_pkg/msg/detail/dds_fastrtps/bounding_box2_d__type_support.cpp.o[0m
[2.841s] [35m[1mScanning dependencies of target interfaces_pkg__rosidl_typesupport_c[0m
[2.866s] [ 27%] [32mBuilding CXX object CMakeFiles/interfaces_pkg__rosidl_typesupport_introspection_cpp.dir/rosidl_typesupport_introspection_cpp/interfaces_pkg/msg/detail/detection__type_support.cpp.o[0m
[2.888s] [ 29%] [32mBuilding CXX object CMakeFiles/interfaces_pkg__rosidl_typesupport_c.dir/rosidl_typesupport_c/interfaces_pkg/msg/bounding_box2_d__type_support.cpp.o[0m
[2.918s] [ 30%] [32mBuilding CXX object CMakeFiles/interfaces_pkg__rosidl_typesupport_c.dir/rosidl_typesupport_c/interfaces_pkg/msg/detection__type_support.cpp.o[0m
[2.933s] [ 31%] [32mBuilding CXX object CMakeFiles/interfaces_pkg__rosidl_typesupport_cpp.dir/rosidl_typesupport_cpp/interfaces_pkg/msg/motor__type_support.cpp.o[0m
[2.956s] [ 32%] [32mBuilding CXX object CMakeFiles/interfaces_pkg__rosidl_typesupport_c.dir/rosidl_typesupport_c/interfaces_pkg/msg/detection_array__type_support.cpp.o[0m
[2.961s] [ 34%] [32mBuilding CXX object CMakeFiles/interfaces_pkg__rosidl_typesupport_introspection_cpp.dir/rosidl_typesupport_introspection_cpp/interfaces_pkg/msg/detail/detection_array__type_support.cpp.o[0m
[2.966s] [ 35%] [32mBuilding CXX object CMakeFiles/interfaces_pkg__rosidl_typesupport_introspection_cpp.dir/rosidl_typesupport_introspection_cpp/interfaces_pkg/msg/detail/mask__type_support.cpp.o[0m
[2.993s] [ 36%] [32mBuilding CXX object CMakeFiles/interfaces_pkg__rosidl_typesupport_introspection_cpp.dir/rosidl_typesupport_introspection_cpp/interfaces_pkg/msg/detail/motor__type_support.cpp.o[0m
[3.009s] [ 37%] [32mBuilding CXX object CMakeFiles/interfaces_pkg__rosidl_typesupport_c.dir/rosidl_typesupport_c/interfaces_pkg/msg/mask__type_support.cpp.o[0m
[3.050s] [ 39%] [32mBuilding CXX object CMakeFiles/interfaces_pkg__rosidl_typesupport_c.dir/rosidl_typesupport_c/interfaces_pkg/msg/motor__type_support.cpp.o[0m
[3.054s] [35m[1mScanning dependencies of target interfaces_pkg__rosidl_typesupport_introspection_c[0m
[3.088s] [ 40%] [32mBuilding CXX object CMakeFiles/interfaces_pkg__rosidl_typesupport_c.dir/rosidl_typesupport_c/interfaces_pkg/msg/point2_d__type_support.cpp.o[0m
[3.123s] [ 41%] [32mBuilding C object CMakeFiles/interfaces_pkg__rosidl_typesupport_introspection_c.dir/rosidl_typesupport_introspection_c/interfaces_pkg/msg/detail/bounding_box2_d__type_support.c.o[0m
[3.167s] [ 43%] [32mBuilding CXX object CMakeFiles/interfaces_pkg__rosidl_typesupport_c.dir/rosidl_typesupport_c/interfaces_pkg/msg/lane_info__type_support.cpp.o[0m
[3.172s] [ 44%] [32mBuilding C object CMakeFiles/interfaces_pkg__rosidl_typesupport_introspection_c.dir/rosidl_typesupport_introspection_c/interfaces_pkg/msg/detail/detection__type_support.c.o[0m
[3.251s] [ 45%] [32m[1mLinking CXX shared library libinterfaces_pkg__rosidl_typesupport_c.so[0m
[3.288s] [ 46%] [32mBuilding C object CMakeFiles/interfaces_pkg__rosidl_typesupport_introspection_c.dir/rosidl_typesupport_introspection_c/interfaces_pkg/msg/detail/detection_array__type_support.c.o[0m
[3.338s] [ 48%] [32mBuilding CXX object CMakeFiles/interfaces_pkg__rosidl_typesupport_fastrtps_cpp.dir/rosidl_typesupport_fastrtps_cpp/interfaces_pkg/msg/detail/dds_fastrtps/detection__type_support.cpp.o[0m
[3.348s] [ 49%] [32mBuilding C object CMakeFiles/interfaces_pkg__rosidl_typesupport_introspection_c.dir/rosidl_typesupport_introspection_c/interfaces_pkg/msg/detail/mask__type_support.c.o[0m
[3.350s] [ 50%] [32mBuilding C object CMakeFiles/interfaces_pkg__rosidl_typesupport_introspection_c.dir/rosidl_typesupport_introspection_c/interfaces_pkg/msg/detail/motor__type_support.c.o[0m
[3.361s] [ 50%] Built target interfaces_pkg__rosidl_typesupport_c
[3.362s] [ 51%] [32mBuilding CXX object CMakeFiles/interfaces_pkg__rosidl_typesupport_cpp.dir/rosidl_typesupport_cpp/interfaces_pkg/msg/point2_d__type_support.cpp.o[0m
[3.385s] [ 53%] [32mBuilding C object CMakeFiles/interfaces_pkg__rosidl_typesupport_introspection_c.dir/rosidl_typesupport_introspection_c/interfaces_pkg/msg/detail/point2_d__type_support.c.o[0m
[3.398s] [ 54%] [32mBuilding C object CMakeFiles/interfaces_pkg__rosidl_typesupport_introspection_c.dir/rosidl_typesupport_introspection_c/interfaces_pkg/msg/detail/lane_info__type_support.c.o[0m
[3.405s] [ 55%] [32mBuilding CXX object CMakeFiles/interfaces_pkg__rosidl_typesupport_fastrtps_cpp.dir/rosidl_typesupport_fastrtps_cpp/interfaces_pkg/msg/detail/dds_fastrtps/detection_array__type_support.cpp.o[0m
[3.427s] [ 56%] [32mBuilding CXX object CMakeFiles/interfaces_pkg__rosidl_typesupport_fastrtps_cpp.dir/rosidl_typesupport_fastrtps_cpp/interfaces_pkg/msg/detail/dds_fastrtps/mask__type_support.cpp.o[0m
[3.440s] [ 58%] [32m[1mLinking C shared library libinterfaces_pkg__rosidl_typesupport_introspection_c.so[0m
[3.448s] [ 59%] [32mBuilding CXX object CMakeFiles/interfaces_pkg__rosidl_typesupport_introspection_cpp.dir/rosidl_typesupport_introspection_cpp/interfaces_pkg/msg/detail/point2_d__type_support.cpp.o[0m
[3.467s] [ 60%] [32mBuilding CXX object CMakeFiles/interfaces_pkg__rosidl_typesupport_introspection_cpp.dir/rosidl_typesupport_introspection_cpp/interfaces_pkg/msg/detail/lane_info__type_support.cpp.o[0m
[3.485s] [ 62%] [32mBuilding CXX object CMakeFiles/interfaces_pkg__rosidl_typesupport_fastrtps_cpp.dir/rosidl_typesupport_fastrtps_cpp/interfaces_pkg/msg/detail/dds_fastrtps/motor__type_support.cpp.o[0m
[3.494s] [ 62%] Built target interfaces_pkg__rosidl_typesupport_introspection_c
[3.507s] [ 63%] [32mBuilding CXX object CMakeFiles/interfaces_pkg__rosidl_typesupport_fastrtps_cpp.dir/rosidl_typesupport_fastrtps_cpp/interfaces_pkg/msg/detail/dds_fastrtps/point2_d__type_support.cpp.o[0m
[3.783s] [ 64%] [32mBuilding CXX object CMakeFiles/interfaces_pkg__rosidl_typesupport_cpp.dir/rosidl_typesupport_cpp/interfaces_pkg/msg/lane_info__type_support.cpp.o[0m
[3.943s] [ 65%] [32mBuilding CXX object CMakeFiles/interfaces_pkg__rosidl_typesupport_fastrtps_cpp.dir/rosidl_typesupport_fastrtps_cpp/interfaces_pkg/msg/detail/dds_fastrtps/lane_info__type_support.cpp.o[0m
[3.948s] [ 67%] [32m[1mLinking CXX shared library libinterfaces_pkg__rosidl_typesupport_introspection_cpp.so[0m
[4.077s] [ 67%] Built target interfaces_pkg__rosidl_typesupport_introspection_cpp
[4.170s] [ 68%] [32m[1mLinking CXX shared library libinterfaces_pkg__rosidl_typesupport_cpp.so[0m
[4.202s] [ 68%] Built target interfaces_pkg__rosidl_typesupport_cpp
[4.317s] [ 69%] [32m[1mLinking CXX shared library libinterfaces_pkg__rosidl_typesupport_fastrtps_cpp.so[0m
[4.405s] [ 69%] Built target interfaces_pkg__rosidl_typesupport_fastrtps_cpp
[4.412s] [ 70%] [34m[1mGenerating C type support for eProsima Fast-RTPS[0m
[4.787s] [35m[1mScanning dependencies of target interfaces_pkg__rosidl_typesupport_fastrtps_c[0m
[4.805s] [ 73%] [32mBuilding CXX object CMakeFiles/interfaces_pkg__rosidl_typesupport_fastrtps_c.dir/rosidl_typesupport_fastrtps_c/interfaces_pkg/msg/detail/detection__type_support_c.cpp.o[0m
[4.805s] [ 73%] [32mBuilding CXX object CMakeFiles/interfaces_pkg__rosidl_typesupport_fastrtps_c.dir/rosidl_typesupport_fastrtps_c/interfaces_pkg/msg/detail/point2_d__type_support_c.cpp.o[0m
[4.805s] [ 74%] [32mBuilding CXX object CMakeFiles/interfaces_pkg__rosidl_typesupport_fastrtps_c.dir/rosidl_typesupport_fastrtps_c/interfaces_pkg/msg/detail/mask__type_support_c.cpp.o[0m
[4.805s] [ 77%] [32mBuilding CXX object CMakeFiles/interfaces_pkg__rosidl_typesupport_fastrtps_c.dir/rosidl_typesupport_fastrtps_c/interfaces_pkg/msg/detail/bounding_box2_d__type_support_c.cpp.o[0m
[4.806s] [ 77%] [32mBuilding CXX object CMakeFiles/interfaces_pkg__rosidl_typesupport_fastrtps_c.dir/rosidl_typesupport_fastrtps_c/interfaces_pkg/msg/detail/detection_array__type_support_c.cpp.o[0m
[4.806s] [ 78%] [32mBuilding CXX object CMakeFiles/interfaces_pkg__rosidl_typesupport_fastrtps_c.dir/rosidl_typesupport_fastrtps_c/interfaces_pkg/msg/detail/motor__type_support_c.cpp.o[0m
[4.814s] [ 79%] [32mBuilding CXX object CMakeFiles/interfaces_pkg__rosidl_typesupport_fastrtps_c.dir/rosidl_typesupport_fastrtps_c/interfaces_pkg/msg/detail/lane_info__type_support_c.cpp.o[0m
[5.309s] [ 81%] [32m[1mLinking CXX shared library libinterfaces_pkg__rosidl_typesupport_fastrtps_c.so[0m
[5.384s] [ 81%] Built target interfaces_pkg__rosidl_typesupport_fastrtps_c
[5.391s] [35m[1mScanning dependencies of target interfaces_pkg[0m
[5.398s] [ 81%] Built target interfaces_pkg
[5.406s] [35m[1mScanning dependencies of target interfaces_pkg__py[0m
[5.417s] [ 82%] [34m[1mGenerating Python code for ROS interfaces[0m
[6.197s] [ 82%] Built target interfaces_pkg__py
[6.205s] [35m[1mScanning dependencies of target interfaces_pkg__python[0m
[6.232s] [ 83%] [32mBuilding C object CMakeFiles/interfaces_pkg__python.dir/rosidl_generator_py/interfaces_pkg/msg/_detection_array_s.c.o[0m
[6.233s] [ 84%] [32mBuilding C object CMakeFiles/interfaces_pkg__python.dir/rosidl_generator_py/interfaces_pkg/msg/_detection_s.c.o[0m
[6.233s] [ 86%] [32mBuilding C object CMakeFiles/interfaces_pkg__python.dir/rosidl_generator_py/interfaces_pkg/msg/_bounding_box2_d_s.c.o[0m
[6.233s] [ 87%] [32mBuilding C object CMakeFiles/interfaces_pkg__python.dir/rosidl_generator_py/interfaces_pkg/msg/_mask_s.c.o[0m
[6.236s] [ 88%] [32mBuilding C object CMakeFiles/interfaces_pkg__python.dir/rosidl_generator_py/interfaces_pkg/msg/_motor_s.c.o[0m
[6.241s] [ 89%] [32mBuilding C object CMakeFiles/interfaces_pkg__python.dir/rosidl_generator_py/interfaces_pkg/msg/_point2_d_s.c.o[0m
[6.243s] [ 91%] [32mBuilding C object CMakeFiles/interfaces_pkg__python.dir/rosidl_generator_py/interfaces_pkg/msg/_lane_info_s.c.o[0m
[6.420s] [ 92%] [32m[1mLinking C shared library rosidl_generator_py/interfaces_pkg/libinterfaces_pkg__python.so[0m
[6.461s] [ 92%] Built target interfaces_pkg__python
[6.469s] [35m[1mScanning dependencies of target interfaces_pkg__rosidl_typesupport_c__pyext[0m
[6.469s] [35m[1mScanning dependencies of target interfaces_pkg__rosidl_typesupport_fastrtps_c__pyext[0m
[6.469s] [35m[1mScanning dependencies of target interfaces_pkg__rosidl_typesupport_introspection_c__pyext[0m
[6.487s] [ 93%] [32mBuilding C object CMakeFiles/interfaces_pkg__rosidl_typesupport_introspection_c__pyext.dir/rosidl_generator_py/interfaces_pkg/_interfaces_pkg_s.ep.rosidl_typesupport_introspection_c.c.o[0m
[6.488s] [ 94%] [32mBuilding C object CMakeFiles/interfaces_pkg__rosidl_typesupport_c__pyext.dir/rosidl_generator_py/interfaces_pkg/_interfaces_pkg_s.ep.rosidl_typesupport_c.c.o[0m
[6.490s] [ 96%] [32mBuilding C object CMakeFiles/interfaces_pkg__rosidl_typesupport_fastrtps_c__pyext.dir/rosidl_generator_py/interfaces_pkg/_interfaces_pkg_s.ep.rosidl_typesupport_fastrtps_c.c.o[0m
[6.581s] [ 97%] [32m[1mLinking C shared library rosidl_generator_py/interfaces_pkg/interfaces_pkg_s__rosidl_typesupport_introspection_c.cpython-38-x86_64-linux-gnu.so[0m
[6.581s] [ 98%] [32m[1mLinking CXX shared library rosidl_generator_py/interfaces_pkg/interfaces_pkg_s__rosidl_typesupport_fastrtps_c.cpython-38-x86_64-linux-gnu.so[0m
[6.604s] [100%] [32m[1mLinking C shared library rosidl_generator_py/interfaces_pkg/interfaces_pkg_s__rosidl_typesupport_c.cpython-38-x86_64-linux-gnu.so[0m
[6.619s] [100%] Built target interfaces_pkg__rosidl_typesupport_introspection_c__pyext
[6.646s] [100%] Built target interfaces_pkg__rosidl_typesupport_c__pyext
[6.652s] [100%] Built target interfaces_pkg__rosidl_typesupport_fastrtps_c__pyext
[6.664s] Invoked command in '/home/eunseop/ros2_ws/build/interfaces_pkg' returned '0': CMAKE_PREFIX_PATH=/opt/ros/galactic /usr/bin/cmake --build /home/eunseop/ros2_ws/build/interfaces_pkg -- -j8 -l8
[6.796s] Invoking command in '/home/eunseop/ros2_ws/build/interfaces_pkg': CMAKE_PREFIX_PATH=/opt/ros/galactic /usr/bin/cmake --install /home/eunseop/ros2_ws/build/interfaces_pkg
[6.807s] -- Install configuration: ""
[6.807s] -- Installing: /home/eunseop/ros2_ws/install/interfaces_pkg/share/ament_index/resource_index/rosidl_interfaces/interfaces_pkg
[6.807s] -- Installing: /home/eunseop/ros2_ws/install/interfaces_pkg/include/interfaces_pkg
[6.807s] -- Installing: /home/eunseop/ros2_ws/install/interfaces_pkg/include/interfaces_pkg/msg
[6.807s] -- Installing: /home/eunseop/ros2_ws/install/interfaces_pkg/include/interfaces_pkg/msg/motor.h
[6.807s] -- Installing: /home/eunseop/ros2_ws/install/interfaces_pkg/include/interfaces_pkg/msg/point2_d.h
[6.807s] -- Installing: /home/eunseop/ros2_ws/install/interfaces_pkg/include/interfaces_pkg/msg/rosidl_generator_c__visibility_control.h
[6.807s] -- Installing: /home/eunseop/ros2_ws/install/interfaces_pkg/include/interfaces_pkg/msg/detail
[6.807s] -- Installing: /home/eunseop/ros2_ws/install/interfaces_pkg/include/interfaces_pkg/msg/detail/lane_info__functions.c
[6.808s] -- Installing: /home/eunseop/ros2_ws/install/interfaces_pkg/include/interfaces_pkg/msg/detail/detection_array__type_support.h
[6.808s] -- Installing: /home/eunseop/ros2_ws/install/interfaces_pkg/include/interfaces_pkg/msg/detail/motor__functions.c
[6.808s] -- Installing: /home/eunseop/ros2_ws/install/interfaces_pkg/include/interfaces_pkg/msg/detail/point2_d__type_support.h
[6.808s] -- Installing: /home/eunseop/ros2_ws/install/interfaces_pkg/include/interfaces_pkg/msg/detail/lane_info__functions.h
[6.808s] -- Installing: /home/eunseop/ros2_ws/install/interfaces_pkg/include/interfaces_pkg/msg/detail/mask__type_support.h
[6.808s] -- Installing: /home/eunseop/ros2_ws/install/interfaces_pkg/include/interfaces_pkg/msg/detail/motor__functions.h
[6.808s] -- Installing: /home/eunseop/ros2_ws/install/interfaces_pkg/include/interfaces_pkg/msg/detail/detection_array__functions.h
[6.808s] -- Installing: /home/eunseop/ros2_ws/install/interfaces_pkg/include/interfaces_pkg/msg/detail/lane_info__type_support.h
[6.808s] -- Installing: /home/eunseop/ros2_ws/install/interfaces_pkg/include/interfaces_pkg/msg/detail/bounding_box2_d__struct.h
[6.808s] -- Installing: /home/eunseop/ros2_ws/install/interfaces_pkg/include/interfaces_pkg/msg/detail/motor__struct.h
[6.809s] -- Installing: /home/eunseop/ros2_ws/install/interfaces_pkg/include/interfaces_pkg/msg/detail/point2_d__functions.h
[6.809s] -- Installing: /home/eunseop/ros2_ws/install/interfaces_pkg/include/interfaces_pkg/msg/detail/detection__struct.h
[6.809s] -- Installing: /home/eunseop/ros2_ws/install/interfaces_pkg/include/interfaces_pkg/msg/detail/detection_array__functions.c
[6.809s] -- Installing: /home/eunseop/ros2_ws/install/interfaces_pkg/include/interfaces_pkg/msg/detail/detection__type_support.h
[6.809s] -- Installing: /home/eunseop/ros2_ws/install/interfaces_pkg/include/interfaces_pkg/msg/detail/detection_array__struct.h
[6.809s] -- Installing: /home/eunseop/ros2_ws/install/interfaces_pkg/include/interfaces_pkg/msg/detail/mask__struct.h
[6.809s] -- Installing: /home/eunseop/ros2_ws/install/interfaces_pkg/include/interfaces_pkg/msg/detail/detection__functions.c
[6.809s] -- Installing: /home/eunseop/ros2_ws/install/interfaces_pkg/include/interfaces_pkg/msg/detail/motor__type_support.h
[6.810s] -- Installing: /home/eunseop/ros2_ws/install/interfaces_pkg/include/interfaces_pkg/msg/detail/mask__functions.h
[6.810s] -- Installing: /home/eunseop/ros2_ws/install/interfaces_pkg/include/interfaces_pkg/msg/detail/point2_d__functions.c
[6.810s] -- Installing: /home/eunseop/ros2_ws/install/interfaces_pkg/include/interfaces_pkg/msg/detail/bounding_box2_d__functions.c
[6.810s] -- Installing: /home/eunseop/ros2_ws/install/interfaces_pkg/include/interfaces_pkg/msg/detail/bounding_box2_d__functions.h
[6.810s] -- Installing: /home/eunseop/ros2_ws/install/interfaces_pkg/include/interfaces_pkg/msg/detail/mask__functions.c
[6.810s] -- Installing: /home/eunseop/ros2_ws/install/interfaces_pkg/include/interfaces_pkg/msg/detail/detection__functions.h
[6.810s] -- Installing: /home/eunseop/ros2_ws/install/interfaces_pkg/include/interfaces_pkg/msg/detail/bounding_box2_d__type_support.h
[6.810s] -- Installing: /home/eunseop/ros2_ws/install/interfaces_pkg/include/interfaces_pkg/msg/detail/point2_d__struct.h
[6.810s] -- Installing: /home/eunseop/ros2_ws/install/interfaces_pkg/include/interfaces_pkg/msg/detail/lane_info__struct.h
[6.810s] -- Installing: /home/eunseop/ros2_ws/install/interfaces_pkg/include/interfaces_pkg/msg/mask.h
[6.810s] -- Installing: /home/eunseop/ros2_ws/install/interfaces_pkg/include/interfaces_pkg/msg/bounding_box2_d.h
[6.811s] -- Installing: /home/eunseop/ros2_ws/install/interfaces_pkg/include/interfaces_pkg/msg/detection_array.h
[6.811s] -- Installing: /home/eunseop/ros2_ws/install/interfaces_pkg/include/interfaces_pkg/msg/lane_info.h
[6.811s] -- Installing: /home/eunseop/ros2_ws/install/interfaces_pkg/include/interfaces_pkg/msg/detection.h
[6.811s] -- Installing: /home/eunseop/ros2_ws/install/interfaces_pkg/share/interfaces_pkg/environment/library_path.sh
[6.811s] -- Installing: /home/eunseop/ros2_ws/install/interfaces_pkg/share/interfaces_pkg/environment/library_path.dsv
[6.811s] -- Installing: /home/eunseop/ros2_ws/install/interfaces_pkg/lib/libinterfaces_pkg__rosidl_generator_c.so
[6.811s] -- Set runtime path of "/home/eunseop/ros2_ws/install/interfaces_pkg/lib/libinterfaces_pkg__rosidl_generator_c.so" to ""
[6.811s] -- Up-to-date: /home/eunseop/ros2_ws/install/interfaces_pkg/include/interfaces_pkg
[6.811s] -- Up-to-date: /home/eunseop/ros2_ws/install/interfaces_pkg/include/interfaces_pkg/msg
[6.811s] -- Installing: /home/eunseop/ros2_ws/install/interfaces_pkg/include/interfaces_pkg/msg/rosidl_typesupport_fastrtps_c__visibility_control.h
[6.812s] -- Up-to-date: /home/eunseop/ros2_ws/install/interfaces_pkg/include/interfaces_pkg/msg/detail
[6.812s] -- Installing: /home/eunseop/ros2_ws/install/interfaces_pkg/include/interfaces_pkg/msg/detail/point2_d__rosidl_typesupport_fastrtps_c.h
[6.812s] -- Installing: /home/eunseop/ros2_ws/install/interfaces_pkg/include/interfaces_pkg/msg/detail/mask__rosidl_typesupport_fastrtps_c.h
[6.812s] -- Installing: /home/eunseop/ros2_ws/install/interfaces_pkg/include/interfaces_pkg/msg/detail/detection_array__rosidl_typesupport_fastrtps_c.h
[6.812s] -- Installing: /home/eunseop/ros2_ws/install/interfaces_pkg/include/interfaces_pkg/msg/detail/lane_info__rosidl_typesupport_fastrtps_c.h
[6.812s] -- Installing: /home/eunseop/ros2_ws/install/interfaces_pkg/include/interfaces_pkg/msg/detail/bounding_box2_d__rosidl_typesupport_fastrtps_c.h
[6.812s] -- Installing: /home/eunseop/ros2_ws/install/interfaces_pkg/include/interfaces_pkg/msg/detail/detection__rosidl_typesupport_fastrtps_c.h
[6.812s] -- Installing: /home/eunseop/ros2_ws/install/interfaces_pkg/include/interfaces_pkg/msg/detail/motor__rosidl_typesupport_fastrtps_c.h
[6.812s] -- Installing: /home/eunseop/ros2_ws/install/interfaces_pkg/lib/libinterfaces_pkg__rosidl_typesupport_fastrtps_c.so
[6.812s] -- Set runtime path of "/home/eunseop/ros2_ws/install/interfaces_pkg/lib/libinterfaces_pkg__rosidl_typesupport_fastrtps_c.so" to ""
[6.812s] -- Up-to-date: /home/eunseop/ros2_ws/install/interfaces_pkg/include/interfaces_pkg
[6.812s] -- Up-to-date: /home/eunseop/ros2_ws/install/interfaces_pkg/include/interfaces_pkg/msg
[6.813s] -- Up-to-date: /home/eunseop/ros2_ws/install/interfaces_pkg/include/interfaces_pkg/msg/detail
[6.813s] -- Installing: /home/eunseop/ros2_ws/install/interfaces_pkg/include/interfaces_pkg/msg/detail/mask__rosidl_typesupport_fastrtps_cpp.hpp
[6.813s] -- Installing: /home/eunseop/ros2_ws/install/interfaces_pkg/include/interfaces_pkg/msg/detail/bounding_box2_d__rosidl_typesupport_fastrtps_cpp.hpp
[6.813s] -- Installing: /home/eunseop/ros2_ws/install/interfaces_pkg/include/interfaces_pkg/msg/detail/point2_d__rosidl_typesupport_fastrtps_cpp.hpp
[6.813s] -- Installing: /home/eunseop/ros2_ws/install/interfaces_pkg/include/interfaces_pkg/msg/detail/lane_info__rosidl_typesupport_fastrtps_cpp.hpp
[6.813s] -- Installing: /home/eunseop/ros2_ws/install/interfaces_pkg/include/interfaces_pkg/msg/detail/detection__rosidl_typesupport_fastrtps_cpp.hpp
[6.813s] -- Installing: /home/eunseop/ros2_ws/install/interfaces_pkg/include/interfaces_pkg/msg/detail/dds_fastrtps
[6.813s] -- Installing: /home/eunseop/ros2_ws/install/interfaces_pkg/include/interfaces_pkg/msg/detail/detection_array__rosidl_typesupport_fastrtps_cpp.hpp
[6.813s] -- Installing: /home/eunseop/ros2_ws/install/interfaces_pkg/include/interfaces_pkg/msg/detail/motor__rosidl_typesupport_fastrtps_cpp.hpp
[6.813s] -- Installing: /home/eunseop/ros2_ws/install/interfaces_pkg/include/interfaces_pkg/msg/rosidl_typesupport_fastrtps_cpp__visibility_control.h
[6.814s] -- Installing: /home/eunseop/ros2_ws/install/interfaces_pkg/lib/libinterfaces_pkg__rosidl_typesupport_fastrtps_cpp.so
[6.814s] -- Set runtime path of "/home/eunseop/ros2_ws/install/interfaces_pkg/lib/libinterfaces_pkg__rosidl_typesupport_fastrtps_cpp.so" to ""
[6.814s] -- Up-to-date: /home/eunseop/ros2_ws/install/interfaces_pkg/include/interfaces_pkg
[6.814s] -- Up-to-date: /home/eunseop/ros2_ws/install/interfaces_pkg/include/interfaces_pkg/msg
[6.814s] -- Up-to-date: /home/eunseop/ros2_ws/install/interfaces_pkg/include/interfaces_pkg/msg/detail
[6.814s] -- Installing: /home/eunseop/ros2_ws/install/interfaces_pkg/include/interfaces_pkg/msg/detail/bounding_box2_d__type_support.c
[6.814s] -- Installing: /home/eunseop/ros2_ws/install/interfaces_pkg/include/interfaces_pkg/msg/detail/lane_info__rosidl_typesupport_introspection_c.h
[6.814s] -- Installing: /home/eunseop/ros2_ws/install/interfaces_pkg/include/interfaces_pkg/msg/detail/point2_d__rosidl_typesupport_introspection_c.h
[6.814s] -- Installing: /home/eunseop/ros2_ws/install/interfaces_pkg/include/interfaces_pkg/msg/detail/mask__type_support.c
[6.814s] -- Installing: /home/eunseop/ros2_ws/install/interfaces_pkg/include/interfaces_pkg/msg/detail/bounding_box2_d__rosidl_typesupport_introspection_c.h
[6.814s] -- Installing: /home/eunseop/ros2_ws/install/interfaces_pkg/include/interfaces_pkg/msg/detail/detection__rosidl_typesupport_introspection_c.h
[6.814s] -- Installing: /home/eunseop/ros2_ws/install/interfaces_pkg/include/interfaces_pkg/msg/detail/lane_info__type_support.c
[6.815s] -- Installing: /home/eunseop/ros2_ws/install/interfaces_pkg/include/interfaces_pkg/msg/detail/detection__type_support.c
[6.815s] -- Installing: /home/eunseop/ros2_ws/install/interfaces_pkg/include/interfaces_pkg/msg/detail/detection_array__rosidl_typesupport_introspection_c.h
[6.815s] -- Installing: /home/eunseop/ros2_ws/install/interfaces_pkg/include/interfaces_pkg/msg/detail/detection_array__type_support.c
[6.815s] -- Installing: /home/eunseop/ros2_ws/install/interfaces_pkg/include/interfaces_pkg/msg/detail/mask__rosidl_typesupport_introspection_c.h
[6.815s] -- Installing: /home/eunseop/ros2_ws/install/interfaces_pkg/include/interfaces_pkg/msg/detail/motor__type_support.c
[6.815s] -- Installing: /home/eunseop/ros2_ws/install/interfaces_pkg/include/interfaces_pkg/msg/detail/point2_d__type_support.c
[6.815s] -- Installing: /home/eunseop/ros2_ws/install/interfaces_pkg/include/interfaces_pkg/msg/detail/motor__rosidl_typesupport_introspection_c.h
[6.815s] -- Installing: /home/eunseop/ros2_ws/install/interfaces_pkg/include/interfaces_pkg/msg/rosidl_typesupport_introspection_c__visibility_control.h
[6.815s] -- Installing: /home/eunseop/ros2_ws/install/interfaces_pkg/lib/libinterfaces_pkg__rosidl_typesupport_introspection_c.so
[6.816s] -- Set runtime path of "/home/eunseop/ros2_ws/install/interfaces_pkg/lib/libinterfaces_pkg__rosidl_typesupport_introspection_c.so" to ""
[6.816s] -- Installing: /home/eunseop/ros2_ws/install/interfaces_pkg/lib/libinterfaces_pkg__rosidl_typesupport_c.so
[6.816s] -- Set runtime path of "/home/eunseop/ros2_ws/install/interfaces_pkg/lib/libinterfaces_pkg__rosidl_typesupport_c.so" to ""
[6.816s] -- Up-to-date: /home/eunseop/ros2_ws/install/interfaces_pkg/include/interfaces_pkg
[6.816s] -- Up-to-date: /home/eunseop/ros2_ws/install/interfaces_pkg/include/interfaces_pkg/msg
[6.816s] -- Installing: /home/eunseop/ros2_ws/install/interfaces_pkg/include/interfaces_pkg/msg/bounding_box2_d.hpp
[6.816s] -- Installing: /home/eunseop/ros2_ws/install/interfaces_pkg/include/interfaces_pkg/msg/point2_d.hpp
[6.816s] -- Installing: /home/eunseop/ros2_ws/install/interfaces_pkg/include/interfaces_pkg/msg/detection_array.hpp
[6.816s] -- Up-to-date: /home/eunseop/ros2_ws/install/interfaces_pkg/include/interfaces_pkg/msg/detail
[6.816s] -- Installing: /home/eunseop/ros2_ws/install/interfaces_pkg/include/interfaces_pkg/msg/detail/detection__struct.hpp
[6.816s] -- Installing: /home/eunseop/ros2_ws/install/interfaces_pkg/include/interfaces_pkg/msg/detail/lane_info__struct.hpp
[6.816s] -- Installing: /home/eunseop/ros2_ws/install/interfaces_pkg/include/interfaces_pkg/msg/detail/detection_array__builder.hpp
[6.817s] -- Installing: /home/eunseop/ros2_ws/install/interfaces_pkg/include/interfaces_pkg/msg/detail/detection_array__struct.hpp
[6.817s] -- Installing: /home/eunseop/ros2_ws/install/interfaces_pkg/include/interfaces_pkg/msg/detail/detection_array__traits.hpp
[6.817s] -- Installing: /home/eunseop/ros2_ws/install/interfaces_pkg/include/interfaces_pkg/msg/detail/bounding_box2_d__traits.hpp
[6.817s] -- Installing: /home/eunseop/ros2_ws/install/interfaces_pkg/include/interfaces_pkg/msg/detail/motor__struct.hpp
[6.817s] -- Installing: /home/eunseop/ros2_ws/install/interfaces_pkg/include/interfaces_pkg/msg/detail/detection__traits.hpp
[6.817s] -- Installing: /home/eunseop/ros2_ws/install/interfaces_pkg/include/interfaces_pkg/msg/detail/mask__traits.hpp
[6.817s] -- Installing: /home/eunseop/ros2_ws/install/interfaces_pkg/include/interfaces_pkg/msg/detail/bounding_box2_d__struct.hpp
[6.817s] -- Installing: /home/eunseop/ros2_ws/install/interfaces_pkg/include/interfaces_pkg/msg/detail/point2_d__builder.hpp
[6.817s] -- Installing: /home/eunseop/ros2_ws/install/interfaces_pkg/include/interfaces_pkg/msg/detail/lane_info__builder.hpp
[6.817s] -- Installing: /home/eunseop/ros2_ws/install/interfaces_pkg/include/interfaces_pkg/msg/detail/mask__struct.hpp
[6.817s] -- Installing: /home/eunseop/ros2_ws/install/interfaces_pkg/include/interfaces_pkg/msg/detail/point2_d__struct.hpp
[6.818s] -- Installing: /home/eunseop/ros2_ws/install/interfaces_pkg/include/interfaces_pkg/msg/detail/bounding_box2_d__builder.hpp
[6.818s] -- Installing: /home/eunseop/ros2_ws/install/interfaces_pkg/include/interfaces_pkg/msg/detail/detection__builder.hpp
[6.818s] -- Installing: /home/eunseop/ros2_ws/install/interfaces_pkg/include/interfaces_pkg/msg/detail/motor__builder.hpp
[6.818s] -- Installing: /home/eunseop/ros2_ws/install/interfaces_pkg/include/interfaces_pkg/msg/detail/lane_info__traits.hpp
[6.818s] -- Installing: /home/eunseop/ros2_ws/install/interfaces_pkg/include/interfaces_pkg/msg/detail/point2_d__traits.hpp
[6.818s] -- Installing: /home/eunseop/ros2_ws/install/interfaces_pkg/include/interfaces_pkg/msg/detail/motor__traits.hpp
[6.818s] -- Installing: /home/eunseop/ros2_ws/install/interfaces_pkg/include/interfaces_pkg/msg/detail/mask__builder.hpp
[6.818s] -- Installing: /home/eunseop/ros2_ws/install/interfaces_pkg/include/interfaces_pkg/msg/mask.hpp
[6.818s] -- Installing: /home/eunseop/ros2_ws/install/interfaces_pkg/include/interfaces_pkg/msg/detection.hpp
[6.818s] -- Installing: /home/eunseop/ros2_ws/install/interfaces_pkg/include/interfaces_pkg/msg/lane_info.hpp
[6.818s] -- Installing: /home/eunseop/ros2_ws/install/interfaces_pkg/include/interfaces_pkg/msg/motor.hpp
[6.818s] -- Up-to-date: /home/eunseop/ros2_ws/install/interfaces_pkg/include/interfaces_pkg
[6.819s] -- Up-to-date: /home/eunseop/ros2_ws/install/interfaces_pkg/include/interfaces_pkg/msg
[6.819s] -- Up-to-date: /home/eunseop/ros2_ws/install/interfaces_pkg/include/interfaces_pkg/msg/detail
[6.819s] -- Installing: /home/eunseop/ros2_ws/install/interfaces_pkg/include/interfaces_pkg/msg/detail/mask__rosidl_typesupport_introspection_cpp.hpp
[6.819s] -- Installing: /home/eunseop/ros2_ws/install/interfaces_pkg/include/interfaces_pkg/msg/detail/lane_info__rosidl_typesupport_introspection_cpp.hpp
[6.819s] -- Installing: /home/eunseop/ros2_ws/install/interfaces_pkg/include/interfaces_pkg/msg/detail/detection__rosidl_typesupport_introspection_cpp.hpp
[6.819s] -- Installing: /home/eunseop/ros2_ws/install/interfaces_pkg/include/interfaces_pkg/msg/detail/bounding_box2_d__rosidl_typesupport_introspection_cpp.hpp
[6.819s] -- Installing: /home/eunseop/ros2_ws/install/interfaces_pkg/include/interfaces_pkg/msg/detail/detection__type_support.cpp
[6.819s] -- Installing: /home/eunseop/ros2_ws/install/interfaces_pkg/include/interfaces_pkg/msg/detail/bounding_box2_d__type_support.cpp
[6.819s] -- Installing: /home/eunseop/ros2_ws/install/interfaces_pkg/include/interfaces_pkg/msg/detail/detection_array__type_support.cpp
[6.819s] -- Installing: /home/eunseop/ros2_ws/install/interfaces_pkg/include/interfaces_pkg/msg/detail/detection_array__rosidl_typesupport_introspection_cpp.hpp
[6.819s] -- Installing: /home/eunseop/ros2_ws/install/interfaces_pkg/include/interfaces_pkg/msg/detail/mask__type_support.cpp
[6.819s] -- Installing: /home/eunseop/ros2_ws/install/interfaces_pkg/include/interfaces_pkg/msg/detail/lane_info__type_support.cpp
[6.819s] -- Installing: /home/eunseop/ros2_ws/install/interfaces_pkg/include/interfaces_pkg/msg/detail/motor__type_support.cpp
[6.820s] -- Installing: /home/eunseop/ros2_ws/install/interfaces_pkg/include/interfaces_pkg/msg/detail/point2_d__rosidl_typesupport_introspection_cpp.hpp
[6.820s] -- Installing: /home/eunseop/ros2_ws/install/interfaces_pkg/include/interfaces_pkg/msg/detail/point2_d__type_support.cpp
[6.820s] -- Installing: /home/eunseop/ros2_ws/install/interfaces_pkg/include/interfaces_pkg/msg/detail/motor__rosidl_typesupport_introspection_cpp.hpp
[6.820s] -- Installing: /home/eunseop/ros2_ws/install/interfaces_pkg/lib/libinterfaces_pkg__rosidl_typesupport_introspection_cpp.so
[6.820s] -- Set runtime path of "/home/eunseop/ros2_ws/install/interfaces_pkg/lib/libinterfaces_pkg__rosidl_typesupport_introspection_cpp.so" to ""
[6.820s] -- Installing: /home/eunseop/ros2_ws/install/interfaces_pkg/lib/libinterfaces_pkg__rosidl_typesupport_cpp.so
[6.820s] -- Set runtime path of "/home/eunseop/ros2_ws/install/interfaces_pkg/lib/libinterfaces_pkg__rosidl_typesupport_cpp.so" to ""
[6.820s] -- Installing: /home/eunseop/ros2_ws/install/interfaces_pkg/share/interfaces_pkg/environment/pythonpath.sh
[6.820s] -- Installing: /home/eunseop/ros2_ws/install/interfaces_pkg/share/interfaces_pkg/environment/pythonpath.dsv
[6.820s] -- Installing: /home/eunseop/ros2_ws/install/interfaces_pkg/lib/python3.8/site-packages/interfaces_pkg/__init__.py
[6.844s] Compiling '/home/eunseop/ros2_ws/install/interfaces_pkg/lib/python3.8/site-packages/interfaces_pkg/__init__.py'...
[6.847s] -- Installing: /home/eunseop/ros2_ws/install/interfaces_pkg/lib/python3.8/site-packages/interfaces_pkg/msg
[6.847s] -- Installing: /home/eunseop/ros2_ws/install/interfaces_pkg/lib/python3.8/site-packages/interfaces_pkg/msg/_bounding_box2_d.py
[6.847s] -- Installing: /home/eunseop/ros2_ws/install/interfaces_pkg/lib/python3.8/site-packages/interfaces_pkg/msg/_point2_d_s.c
[6.848s] -- Installing: /home/eunseop/ros2_ws/install/interfaces_pkg/lib/python3.8/site-packages/interfaces_pkg/msg/_detection_array.py
[6.848s] -- Installing: /home/eunseop/ros2_ws/install/interfaces_pkg/lib/python3.8/site-packages/interfaces_pkg/msg/_detection_array_s.c
[6.848s] -- Installing: /home/eunseop/ros2_ws/install/interfaces_pkg/lib/python3.8/site-packages/interfaces_pkg/msg/_mask.py
[6.848s] -- Installing: /home/eunseop/ros2_ws/install/interfaces_pkg/lib/python3.8/site-packages/interfaces_pkg/msg/_lane_info.py
[6.848s] -- Installing: /home/eunseop/ros2_ws/install/interfaces_pkg/lib/python3.8/site-packages/interfaces_pkg/msg/_bounding_box2_d_s.c
[6.848s] -- Installing: /home/eunseop/ros2_ws/install/interfaces_pkg/lib/python3.8/site-packages/interfaces_pkg/msg/_mask_s.c
[6.848s] -- Installing: /home/eunseop/ros2_ws/install/interfaces_pkg/lib/python3.8/site-packages/interfaces_pkg/msg/__init__.py
[6.848s] -- Installing: /home/eunseop/ros2_ws/install/interfaces_pkg/lib/python3.8/site-packages/interfaces_pkg/msg/_point2_d.py
[6.848s] -- Installing: /home/eunseop/ros2_ws/install/interfaces_pkg/lib/python3.8/site-packages/interfaces_pkg/msg/_detection.py
[6.848s] -- Installing: /home/eunseop/ros2_ws/install/interfaces_pkg/lib/python3.8/site-packages/interfaces_pkg/msg/_motor_s.c
[6.848s] -- Installing: /home/eunseop/ros2_ws/install/interfaces_pkg/lib/python3.8/site-packages/interfaces_pkg/msg/_lane_info_s.c
[6.848s] -- Installing: /home/eunseop/ros2_ws/install/interfaces_pkg/lib/python3.8/site-packages/interfaces_pkg/msg/_motor.py
[6.848s] -- Installing: /home/eunseop/ros2_ws/install/interfaces_pkg/lib/python3.8/site-packages/interfaces_pkg/msg/_detection_s.c
[6.848s] -- Installing: /home/eunseop/ros2_ws/install/interfaces_pkg/lib/python3.8/site-packages/interfaces_pkg/interfaces_pkg_s__rosidl_typesupport_fastrtps_c.cpython-38-x86_64-linux-gnu.so
[6.849s] -- Set runtime path of "/home/eunseop/ros2_ws/install/interfaces_pkg/lib/python3.8/site-packages/interfaces_pkg/interfaces_pkg_s__rosidl_typesupport_fastrtps_c.cpython-38-x86_64-linux-gnu.so" to ""
[6.849s] -- Installing: /home/eunseop/ros2_ws/install/interfaces_pkg/lib/python3.8/site-packages/interfaces_pkg/interfaces_pkg_s__rosidl_typesupport_introspection_c.cpython-38-x86_64-linux-gnu.so
[6.850s] -- Set runtime path of "/home/eunseop/ros2_ws/install/interfaces_pkg/lib/python3.8/site-packages/interfaces_pkg/interfaces_pkg_s__rosidl_typesupport_introspection_c.cpython-38-x86_64-linux-gnu.so" to ""
[6.850s] -- Installing: /home/eunseop/ros2_ws/install/interfaces_pkg/lib/python3.8/site-packages/interfaces_pkg/interfaces_pkg_s__rosidl_typesupport_c.cpython-38-x86_64-linux-gnu.so
[6.850s] -- Set runtime path of "/home/eunseop/ros2_ws/install/interfaces_pkg/lib/python3.8/site-packages/interfaces_pkg/interfaces_pkg_s__rosidl_typesupport_c.cpython-38-x86_64-linux-gnu.so" to ""
[6.850s] -- Installing: /home/eunseop/ros2_ws/install/interfaces_pkg/lib/libinterfaces_pkg__python.so
[6.851s] -- Set runtime path of "/home/eunseop/ros2_ws/install/interfaces_pkg/lib/libinterfaces_pkg__python.so" to ""
[6.851s] -- Installing: /home/eunseop/ros2_ws/install/interfaces_pkg/share/interfaces_pkg/msg/BoundingBox2D.idl
[6.851s] -- Installing: /home/eunseop/ros2_ws/install/interfaces_pkg/share/interfaces_pkg/msg/Detection.idl
[6.851s] -- Installing: /home/eunseop/ros2_ws/install/interfaces_pkg/share/interfaces_pkg/msg/DetectionArray.idl
[6.851s] -- Installing: /home/eunseop/ros2_ws/install/interfaces_pkg/share/interfaces_pkg/msg/Mask.idl
[6.851s] -- Installing: /home/eunseop/ros2_ws/install/interfaces_pkg/share/interfaces_pkg/msg/Motor.idl
[6.851s] -- Installing: /home/eunseop/ros2_ws/install/interfaces_pkg/share/interfaces_pkg/msg/Point2D.idl
[6.851s] -- Installing: /home/eunseop/ros2_ws/install/interfaces_pkg/share/interfaces_pkg/msg/LaneInfo.idl
[6.851s] -- Installing: /home/eunseop/ros2_ws/install/interfaces_pkg/share/interfaces_pkg/msg/BoundingBox2D.msg
[6.851s] -- Installing: /home/eunseop/ros2_ws/install/interfaces_pkg/share/interfaces_pkg/msg/Detection.msg
[6.851s] -- Installing: /home/eunseop/ros2_ws/install/interfaces_pkg/share/interfaces_pkg/msg/DetectionArray.msg
[6.851s] -- Installing: /home/eunseop/ros2_ws/install/interfaces_pkg/share/interfaces_pkg/msg/Mask.msg
[6.852s] -- Installing: /home/eunseop/ros2_ws/install/interfaces_pkg/share/interfaces_pkg/msg/Motor.msg
[6.852s] -- Installing: /home/eunseop/ros2_ws/install/interfaces_pkg/share/interfaces_pkg/msg/Point2D.msg
[6.852s] -- Installing: /home/eunseop/ros2_ws/install/interfaces_pkg/share/interfaces_pkg/msg/LaneInfo.msg
[6.852s] -- Installing: /home/eunseop/ros2_ws/install/interfaces_pkg/share/ament_index/resource_index/package_run_dependencies/interfaces_pkg
[6.852s] -- Installing: /home/eunseop/ros2_ws/install/interfaces_pkg/share/ament_index/resource_index/parent_prefix_path/interfaces_pkg
[6.852s] -- Installing: /home/eunseop/ros2_ws/install/interfaces_pkg/share/interfaces_pkg/environment/ament_prefix_path.sh
[6.852s] -- Installing: /home/eunseop/ros2_ws/install/interfaces_pkg/share/interfaces_pkg/environment/ament_prefix_path.dsv
[6.852s] -- Installing: /home/eunseop/ros2_ws/install/interfaces_pkg/share/interfaces_pkg/environment/path.sh
[6.852s] -- Installing: /home/eunseop/ros2_ws/install/interfaces_pkg/share/interfaces_pkg/environment/path.dsv
[6.852s] -- Installing: /home/eunseop/ros2_ws/install/interfaces_pkg/share/interfaces_pkg/local_setup.bash
[6.853s] -- Installing: /home/eunseop/ros2_ws/install/interfaces_pkg/share/interfaces_pkg/local_setup.sh
[6.853s] -- Installing: /home/eunseop/ros2_ws/install/interfaces_pkg/share/interfaces_pkg/local_setup.zsh
[6.853s] -- Installing: /home/eunseop/ros2_ws/install/interfaces_pkg/share/interfaces_pkg/local_setup.dsv
[6.853s] -- Installing: /home/eunseop/ros2_ws/install/interfaces_pkg/share/interfaces_pkg/package.dsv
[6.853s] -- Installing: /home/eunseop/ros2_ws/install/interfaces_pkg/share/ament_index/resource_index/packages/interfaces_pkg
[6.853s] -- Installing: /home/eunseop/ros2_ws/install/interfaces_pkg/share/interfaces_pkg/cmake/interfaces_pkg__rosidl_generator_cExport.cmake
[6.853s] -- Installing: /home/eunseop/ros2_ws/install/interfaces_pkg/share/interfaces_pkg/cmake/interfaces_pkg__rosidl_generator_cExport-noconfig.cmake
[6.853s] -- Installing: /home/eunseop/ros2_ws/install/interfaces_pkg/share/interfaces_pkg/cmake/interfaces_pkg__rosidl_typesupport_introspection_cExport.cmake
[6.853s] -- Installing: /home/eunseop/ros2_ws/install/interfaces_pkg/share/interfaces_pkg/cmake/interfaces_pkg__rosidl_typesupport_introspection_cExport-noconfig.cmake
[6.854s] -- Installing: /home/eunseop/ros2_ws/install/interfaces_pkg/share/interfaces_pkg/cmake/interfaces_pkg__rosidl_typesupport_cExport.cmake
[6.854s] -- Installing: /home/eunseop/ros2_ws/install/interfaces_pkg/share/interfaces_pkg/cmake/interfaces_pkg__rosidl_typesupport_cExport-noconfig.cmake
[6.854s] -- Installing: /home/eunseop/ros2_ws/install/interfaces_pkg/share/interfaces_pkg/cmake/interfaces_pkg__rosidl_generator_cppExport.cmake
[6.854s] -- Installing: /home/eunseop/ros2_ws/install/interfaces_pkg/share/interfaces_pkg/cmake/interfaces_pkg__rosidl_typesupport_introspection_cppExport.cmake
[6.854s] -- Installing: /home/eunseop/ros2_ws/install/interfaces_pkg/share/interfaces_pkg/cmake/interfaces_pkg__rosidl_typesupport_introspection_cppExport-noconfig.cmake
[6.854s] -- Installing: /home/eunseop/ros2_ws/install/interfaces_pkg/share/interfaces_pkg/cmake/interfaces_pkg__rosidl_typesupport_cppExport.cmake
[6.854s] -- Installing: /home/eunseop/ros2_ws/install/interfaces_pkg/share/interfaces_pkg/cmake/interfaces_pkg__rosidl_typesupport_cppExport-noconfig.cmake
[6.854s] -- Installing: /home/eunseop/ros2_ws/install/interfaces_pkg/share/interfaces_pkg/cmake/rosidl_cmake-extras.cmake
[6.854s] -- Installing: /home/eunseop/ros2_ws/install/interfaces_pkg/share/interfaces_pkg/cmake/ament_cmake_export_dependencies-extras.cmake
[6.854s] -- Installing: /home/eunseop/ros2_ws/install/interfaces_pkg/share/interfaces_pkg/cmake/ament_cmake_export_libraries-extras.cmake
[6.854s] -- Installing: /home/eunseop/ros2_ws/install/interfaces_pkg/share/interfaces_pkg/cmake/ament_cmake_export_targets-extras.cmake
[6.855s] -- Installing: /home/eunseop/ros2_ws/install/interfaces_pkg/share/interfaces_pkg/cmake/ament_cmake_export_include_directories-extras.cmake
[6.855s] -- Installing: /home/eunseop/ros2_ws/install/interfaces_pkg/share/interfaces_pkg/cmake/rosidl_cmake_export_typesupport_libraries-extras.cmake
[6.855s] -- Installing: /home/eunseop/ros2_ws/install/interfaces_pkg/share/interfaces_pkg/cmake/rosidl_cmake_export_typesupport_targets-extras.cmake
[6.855s] -- Installing: /home/eunseop/ros2_ws/install/interfaces_pkg/share/interfaces_pkg/cmake/interfaces_pkgConfig.cmake
[6.855s] -- Installing: /home/eunseop/ros2_ws/install/interfaces_pkg/share/interfaces_pkg/cmake/interfaces_pkgConfig-version.cmake
[6.855s] -- Installing: /home/eunseop/ros2_ws/install/interfaces_pkg/share/interfaces_pkg/package.xml
[6.858s] Invoked command in '/home/eunseop/ros2_ws/build/interfaces_pkg' returned '0': CMAKE_PREFIX_PATH=/opt/ros/galactic /usr/bin/cmake --install /home/eunseop/ros2_ws/build/interfaces_pkg
